
6/12/26, 5:45:51 PM - ERROR: Download of “https://fonts.gstatic.com”, referred from “/Users/johannahuarachi/Downloads/us.sitesucker.mac.sitesucker/johanna-huarachi.com/index.html”, failed with error code 404 (not found)
6/12/26, 5:45:51 PM - ERROR: Download of “https://fonts.gstatic.com”, referred from “/Users/johannahuarachi/Downloads/us.sitesucker.mac.sitesucker/johanna-huarachi.com/featured-work.html”, failed with error code 404 (not found)
6/12/26, 5:45:51 PM - ERROR: Download of “https://fonts.gstatic.com”, referred from “/Users/johannahuarachi/Downloads/us.sitesucker.mac.sitesucker/johanna-huarachi.com/about.html”, failed with error code 404 (not found)
6/12/26, 5:45:51 PM - ERROR: Download of “https://fonts.gstatic.com”, referred from “/Users/johannahuarachi/Downloads/us.sitesucker.mac.sitesucker/johanna-huarachi.com/play.html”, failed with error code 404 (not found)
6/12/26, 5:45:51 PM - ERROR: Download of “https://fonts.gstatic.com”, referred from “/Users/johannahuarachi/Downloads/us.sitesucker.mac.sitesucker/johanna-huarachi.com/collaborative-digital-drawing-board.html”, failed with error code 404 (not found)
6/12/26, 5:45:51 PM - ERROR: Download of “https://fonts.gstatic.com”, referred from “/Users/johannahuarachi/Downloads/us.sitesucker.mac.sitesucker/johanna-huarachi.com/contact.html”, failed with error code 404 (not found)
6/12/26, 5:45:51 PM - ERROR: Download of “https://fonts.gstatic.com”, referred from “/Users/johannahuarachi/Downloads/us.sitesucker.mac.sitesucker/johanna-huarachi.com/revenue-management.html”, failed with error code 404 (not found)
6/12/26, 5:45:52 PM - ERROR: Download of “https://fonts.gstatic.com”, referred from “/Users/johannahuarachi/Downloads/us.sitesucker.mac.sitesucker/johanna-huarachi.com/expert.ai.html”, failed with error code 404 (not found)
6/12/26, 5:45:52 PM - ERROR: Download of “https://fonts.gstatic.com”, referred from “/Users/johannahuarachi/Downloads/us.sitesucker.mac.sitesucker/johanna-huarachi.com/fare-finder.html”, failed with error code 404 (not found)
6/12/26, 5:45:52 PM - ERROR: Download of “https://fonts.gstatic.com”, referred from “/Users/johannahuarachi/Downloads/us.sitesucker.mac.sitesucker/johanna-huarachi.com/democratic-national-committee.html”, failed with error code 404 (not found)

---------------------

6/12/26, 5:46:11 PM - ERROR: Download of “https://fonts.gstatic.com”, referred from “/Users/johannahuarachi/Downloads/us.sitesucker.mac.sitesucker/johanna-huarachi.com/featured-work.html”, failed with error code 404 (not found)
6/12/26, 5:46:11 PM - ERROR: Download of “https://fonts.gstatic.com”, referred from “/Users/johannahuarachi/Downloads/us.sitesucker.mac.sitesucker/johanna-huarachi.com/contact.html”, failed with error code 404 (not found)
6/12/26, 5:46:11 PM - ERROR: Download of “https://fonts.gstatic.com”, referred from “/Users/johannahuarachi/Downloads/us.sitesucker.mac.sitesucker/johanna-huarachi.com/index.html”, failed with error code 404 (not found)
6/12/26, 5:46:11 PM - ERROR: Download of “https://fonts.gstatic.com”, referred from “/Users/johannahuarachi/Downloads/us.sitesucker.mac.sitesucker/johanna-huarachi.com/collaborative-digital-drawing-board.html”, failed with error code 404 (not found)
6/12/26, 5:46:11 PM - ERROR: Download of “https://fonts.gstatic.com”, referred from “/Users/johannahuarachi/Downloads/us.sitesucker.mac.sitesucker/johanna-huarachi.com/play.html”, failed with error code 404 (not found)
6/12/26, 5:46:11 PM - ERROR: Download of “https://fonts.gstatic.com”, referred from “/Users/johannahuarachi/Downloads/us.sitesucker.mac.sitesucker/johanna-huarachi.com/about.html”, failed with error code 404 (not found)
6/12/26, 5:46:12 PM - ERROR: Download of “https://fonts.gstatic.com”, referred from “/Users/johannahuarachi/Downloads/us.sitesucker.mac.sitesucker/johanna-huarachi.com/revenue-management.html”, failed with error code 404 (not found)
6/12/26, 5:46:12 PM - ERROR: Download of “https://fonts.gstatic.com”, referred from “/Users/johannahuarachi/Downloads/us.sitesucker.mac.sitesucker/johanna-huarachi.com/expert.ai.html”, failed with error code 404 (not found)
6/12/26, 5:46:12 PM - ERROR: Download of “https://fonts.gstatic.com”, referred from “/Users/johannahuarachi/Downloads/us.sitesucker.mac.sitesucker/johanna-huarachi.com/fare-finder.html”, failed with error code 404 (not found)
6/12/26, 5:46:12 PM - ERROR: Download of “https://fonts.gstatic.com”, referred from “/Users/johannahuarachi/Downloads/us.sitesucker.mac.sitesucker/johanna-huarachi.com/democratic-national-committee.html”, failed with error code 404 (not found)

---------------------

6/12/26, 5:46:33 PM - ERROR: Download of “https://fonts.gstatic.com”, referred from “/Users/johannahuarachi/Downloads/us.sitesucker.mac.sitesucker/johanna-huarachi.com/featured-work.html”, failed with error code 404 (not found)
6/12/26, 5:46:33 PM - ERROR: Download of “https://fonts.gstatic.com”, referred from “/Users/johannahuarachi/Downloads/us.sitesucker.mac.sitesucker/johanna-huarachi.com/contact.html”, failed with error code 404 (not found)
6/12/26, 5:46:33 PM - ERROR: Download of “https://fonts.gstatic.com”, referred from “/Users/johannahuarachi/Downloads/us.sitesucker.mac.sitesucker/johanna-huarachi.com/index.html”, failed with error code 404 (not found)
6/12/26, 5:46:33 PM - ERROR: Download of “https://fonts.gstatic.com”, referred from “/Users/johannahuarachi/Downloads/us.sitesucker.mac.sitesucker/johanna-huarachi.com/collaborative-digital-drawing-board.html”, failed with error code 404 (not found)
6/12/26, 5:46:33 PM - ERROR: Download of “https://fonts.gstatic.com”, referred from “/Users/johannahuarachi/Downloads/us.sitesucker.mac.sitesucker/johanna-huarachi.com/play.html”, failed with error code 404 (not found)
6/12/26, 5:46:33 PM - ERROR: Download of “https://fonts.gstatic.com”, referred from “/Users/johannahuarachi/Downloads/us.sitesucker.mac.sitesucker/johanna-huarachi.com/about.html”, failed with error code 404 (not found)
6/12/26, 5:46:33 PM - ERROR: Download of “https://fonts.gstatic.com”, referred from “/Users/johannahuarachi/Downloads/us.sitesucker.mac.sitesucker/johanna-huarachi.com/revenue-management.html”, failed with error code 404 (not found)
6/12/26, 5:46:33 PM - ERROR: Download of “https://fonts.gstatic.com”, referred from “/Users/johannahuarachi/Downloads/us.sitesucker.mac.sitesucker/johanna-huarachi.com/expert.ai.html”, failed with error code 404 (not found)
6/12/26, 5:46:33 PM - ERROR: Download of “https://fonts.gstatic.com”, referred from “/Users/johannahuarachi/Downloads/us.sitesucker.mac.sitesucker/johanna-huarachi.com/fare-finder.html”, failed with error code 404 (not found)
6/12/26, 5:46:33 PM - ERROR: Download of “https://fonts.gstatic.com”, referred from “/Users/johannahuarachi/Downloads/us.sitesucker.mac.sitesucker/johanna-huarachi.com/democratic-national-committee.html”, failed with error code 404 (not found)

---------------------

6/12/26, 5:47:26 PM - ERROR: Download of “https://fonts.gstatic.com”, referred from “/Users/johannahuarachi/Downloads/us.sitesucker.mac.sitesucker/johanna-huarachi.com/featured-work.html”, failed with error code 404 (not found)
6/12/26, 5:47:26 PM - ERROR: Download of “https://fonts.gstatic.com”, referred from “/Users/johannahuarachi/Downloads/us.sitesucker.mac.sitesucker/johanna-huarachi.com/contact.html”, failed with error code 404 (not found)
6/12/26, 5:47:26 PM - ERROR: Download of “https://fonts.gstatic.com”, referred from “/Users/johannahuarachi/Downloads/us.sitesucker.mac.sitesucker/johanna-huarachi.com/index.html”, failed with error code 404 (not found)
6/12/26, 5:47:26 PM - ERROR: Download of “https://fonts.gstatic.com”, referred from “/Users/johannahuarachi/Downloads/us.sitesucker.mac.sitesucker/johanna-huarachi.com/collaborative-digital-drawing-board.html”, failed with error code 404 (not found)
6/12/26, 5:47:26 PM - ERROR: Download of “https://fonts.gstatic.com”, referred from “/Users/johannahuarachi/Downloads/us.sitesucker.mac.sitesucker/johanna-huarachi.com/play.html”, failed with error code 404 (not found)
6/12/26, 5:47:26 PM - ERROR: Download of “https://fonts.gstatic.com”, referred from “/Users/johannahuarachi/Downloads/us.sitesucker.mac.sitesucker/johanna-huarachi.com/about.html”, failed with error code 404 (not found)
6/12/26, 5:47:26 PM - ERROR: Download of “https://fonts.gstatic.com”, referred from “/Users/johannahuarachi/Downloads/us.sitesucker.mac.sitesucker/johanna-huarachi.com/revenue-management.html”, failed with error code 404 (not found)
6/12/26, 5:47:26 PM - ERROR: Download of “https://fonts.gstatic.com”, referred from “/Users/johannahuarachi/Downloads/us.sitesucker.mac.sitesucker/johanna-huarachi.com/expert.ai.html”, failed with error code 404 (not found)
6/12/26, 5:47:26 PM - ERROR: Download of “https://fonts.gstatic.com”, referred from “/Users/johannahuarachi/Downloads/us.sitesucker.mac.sitesucker/johanna-huarachi.com/fare-finder.html”, failed with error code 404 (not found)
6/12/26, 5:47:26 PM - ERROR: Download of “https://fonts.gstatic.com”, referred from “/Users/johannahuarachi/Downloads/us.sitesucker.mac.sitesucker/johanna-huarachi.com/democratic-national-committee.html”, failed with error code 404 (not found)

---------------------
